# JRE version: OpenJDK Runtime Environment (8.0_152-b01) (build 1.8.0_152-release-915-b01)
# Java VM: OpenJDK Server VM (25.152-b01 mixed mode windows-x86 )
Heap:
 def new generation   total 84352K, used 51661K [0x11000000, 0x16b80000, 0x26550000)
  eden space 75008K,  59% used [0x11000000, 0x13b91858, 0x15940000)
  from space 9344K,  75% used [0x15940000, 0x16021e80, 0x16260000)
  to   space 9344K,   0% used [0x16260000, 0x16260000, 0x16b80000)
 tenured generation   total 187136K, used 133024K [0x26550000, 0x31c10000, 0x51000000)
   the space 187136K,  71% used [0x26550000, 0x2e738028, 0x2e738200, 0x31c10000)
 Metaspace       used 69807K, capacity 72863K, committed 72960K, reserved 73088K
GC Heap History (10 events):
Event: 6634.025 GC heap before
{Heap before GC invocations=261 (full 12):
 def new generation   total 84352K, used 82863K [0x11000000, 0x16b80000, 0x26550000)
  eden space 75008K, 100% used [0x11000000, 0x15940000, 0x15940000)
  from space 9344K,  84% used [0x16260000, 0x16a0bdb8, 0x16b80000)
  to   space 9344K,   0% used [0x15940000, 0x15940000, 0x16260000)
 tenured generation   total 187136K, used 117647K [0x26550000, 0x31c10000, 0x51000000)
   the space 187136K,  62% used [0x26550000, 0x2d833ec8, 0x2d834000, 0x31c10000)
 Metaspace       used 68263K, capacity 71152K, committed 71296K, reserved 72064K
Event: 6634.096 GC heap after
Heap after GC invocations=262 (full 12):
 def new generation   total 84352K, used 3548K [0x11000000, 0x16b80000, 0x26550000)
  eden space 75008K,   0% used [0x11000000, 0x11000000, 0x15940000)
  from space 9344K,  37% used [0x15940000, 0x15cb70a0, 0x16260000)
  to   space 9344K,   0% used [0x16260000, 0x16260000, 0x16b80000)
 tenured generation   total 187136K, used 123892K [0x26550000, 0x31c10000, 0x51000000)
   the space 187136K,  66% used [0x26550000, 0x2de4d0c8, 0x2de4d200, 0x31c10000)
 Metaspace       used 68263K, capacity 71152K, committed 71296K, reserved 72064K
}
Event: 6636.174 GC heap before
{Heap before GC invocations=262 (full 12):
 def new generation   total 84352K, used 78556K [0x11000000, 0x16b80000, 0x26550000)
  eden space 75008K, 100% used [0x11000000, 0x15940000, 0x15940000)
  from space 9344K,  37% used [0x15940000, 0x15cb70a0, 0x16260000)
  to   space 9344K,   0% used [0x16260000, 0x16260000, 0x16b80000)
 tenured generation   total 187136K, used 123892K [0x26550000, 0x31c10000, 0x51000000)
   the space 187136K,  66% used [0x26550000, 0x2de4d0c8, 0x2de4d200, 0x31c10000)
 Metaspace       used 68660K, capacity 71605K, committed 71680K, reserved 72064K
Event: 6636.234 GC heap after
Heap after GC invocations=263 (full 12):
 def new generation   total 84352K, used 7527K [0x11000000, 0x16b80000, 0x26550000)
  eden space 75008K,   0% used [0x11000000, 0x11000000, 0x15940000)
  from space 9344K,  80% used [0x16260000, 0x169b9d28, 0x16b80000)
  to   space 9344K,   0% used [0x15940000, 0x15940000, 0x16260000)
 tenured generation   total 187136K, used 123892K [0x26550000, 0x31c10000, 0x51000000)
   the space 187136K,  66% used [0x26550000, 0x2de4d0c8, 0x2de4d200, 0x31c10000)
 Metaspace       used 68660K, capacity 71605K, committed 71680K, reserved 72064K
}
Event: 6636.753 GC heap before
{Heap before GC invocations=263 (full 12):
 def new generation   total 84352K, used 82535K [0x11000000, 0x16b80000, 0x26550000)
  eden space 75008K, 100% used [0x11000000, 0x15940000, 0x15940000)
  from space 9344K,  80% used [0x16260000, 0x169b9d28, 0x16b80000)
  to   space 9344K,   0% used [0x15940000, 0x15940000, 0x16260000)
 tenured generation   total 187136K, used 123892K [0x26550000, 0x31c10000, 0x51000000)
   the space 187136K,  66% used [0x26550000, 0x2de4d0c8, 0x2de4d200, 0x31c10000)
 Metaspace       used 68694K, capacity 71647K, committed 71680K, reserved 72064K
Event: 6636.816 GC heap after
Heap after GC invocations=264 (full 12):
 def new generation   total 84352K, used 3488K [0x11000000, 0x16b80000, 0x26550000)
  eden space 75008K,   0% used [0x11000000, 0x11000000, 0x15940000)
  from space 9344K,  37% used [0x15940000, 0x15ca8030, 0x16260000)
  to   space 9344K,   0% used [0x16260000, 0x16260000, 0x16b80000)
 tenured generation   total 187136K, used 129564K [0x26550000, 0x31c10000, 0x51000000)
   the space 187136K,  69% used [0x26550000, 0x2e3d7390, 0x2e3d7400, 0x31c10000)
 Metaspace       used 68694K, capacity 71647K, committed 71680K, reserved 72064K
}
Event: 6656.993 GC heap before
{Heap before GC invocations=264 (full 12):
 def new generation   total 84352K, used 78496K [0x11000000, 0x16b80000, 0x26550000)
  eden space 75008K, 100% used [0x11000000, 0x15940000, 0x15940000)
  from space 9344K,  37% used [0x15940000, 0x15ca8030, 0x16260000)
  to   space 9344K,   0% used [0x16260000, 0x16260000, 0x16b80000)
 tenured generation   total 187136K, used 129564K [0x26550000, 0x31c10000, 0x51000000)
   the space 187136K,  69% used [0x26550000, 0x2e3d7390, 0x2e3d7400, 0x31c10000)
 Metaspace       used 69034K, capacity 72059K, committed 72064K, reserved 72064K
Event: 6657.040 GC heap after
Heap after GC invocations=265 (full 12):
 def new generation   total 84352K, used 7194K [0x11000000, 0x16b80000, 0x26550000)
  eden space 75008K,   0% used [0x11000000, 0x11000000, 0x15940000)
  from space 9344K,  76% used [0x16260000, 0x16966960, 0x16b80000)
  to   space 9344K,   0% used [0x15940000, 0x15940000, 0x16260000)
 tenured generation   total 187136K, used 129564K [0x26550000, 0x31c10000, 0x51000000)
   the space 187136K,  69% used [0x26550000, 0x2e3d7390, 0x2e3d7400, 0x31c10000)
 Metaspace       used 69034K, capacity 72059K, committed 72064K, reserved 72064K
}
Event: 6668.529 GC heap before
{Heap before GC invocations=265 (full 12):
 def new generation   total 84352K, used 82202K [0x11000000, 0x16b80000, 0x26550000)
  eden space 75008K, 100% used [0x11000000, 0x15940000, 0x15940000)
  from space 9344K,  76% used [0x16260000, 0x16966960, 0x16b80000)
  to   space 9344K,   0% used [0x15940000, 0x15940000, 0x16260000)
 tenured generation   total 187136K, used 129564K [0x26550000, 0x31c10000, 0x51000000)
   the space 187136K,  69% used [0x26550000, 0x2e3d7390, 0x2e3d7400, 0x31c10000)
 Metaspace       used 69149K, capacity 72210K, committed 72320K, reserved 73088K
Event: 6668.607 GC heap after
Heap after GC invocations=266 (full 12):
 def new generation   total 84352K, used 7047K [0x11000000, 0x16b80000, 0x26550000)
  eden space 75008K,   0% used [0x11000000, 0x11000000, 0x15940000)
  from space 9344K,  75% used [0x15940000, 0x16021e80, 0x16260000)
  to   space 9344K,   0% used [0x16260000, 0x16260000, 0x16b80000)
 tenured generation   total 187136K, used 133024K [0x26550000, 0x31c10000, 0x51000000)
   the space 187136K,  71% used [0x26550000, 0x2e738028, 0x2e738200, 0x31c10000)
 Metaspace       used 69149K, capacity 72210K, committed 72320K, reserved 73088K
}

